/ibex/scratch/medinils/breast_data/bin/launch-jupyter-server.srun: line 7: S: command not found

To connect to the compute node  on Ibex running your Jupyter server, 
you need to create an ssh tunnel from your local machine to login node on Ibex 
using the following command.

ssh -L 12478:cn506-18-r:12478 medinils@ilogin.ibex.kaust.edu.sa 

Next, you need to copy the second url provided below and paste it into the browser 
on your local machine.

[I 2023-08-22 03:06:21.176 ServerApp] Package jupyterlab took 0.0000s to import
[I 2023-08-22 03:07:17.327 ServerApp] Package dask_labextension took 56.1504s to import
[W 2023-08-22 03:07:17.327 ServerApp] A `_jupyter_server_extension_points` function was not found in dask_labextension. Instead, a `_jupyter_server_extension_paths` function was found and will be used for now. This function name will be deprecated in future releases of Jupyter Server.
[I 2023-08-22 03:07:29.072 ServerApp] Package jupyter_lsp took 11.7444s to import
[W 2023-08-22 03:07:29.073 ServerApp] A `_jupyter_server_extension_points` function was not found in jupyter_lsp. Instead, a `_jupyter_server_extension_paths` function was found and will be used for now. This function name will be deprecated in future releases of Jupyter Server.
[I 2023-08-22 03:07:29.209 ServerApp] Package jupyter_server_fileid took 0.1362s to import
[I 2023-08-22 03:07:29.319 ServerApp] Package jupyter_server_mathjax took 0.1090s to import
[I 2023-08-22 03:07:29.320 ServerApp] Package jupyter_server_proxy took 0.0000s to import
[I 2023-08-22 03:07:31.260 ServerApp] Package jupyter_server_terminals took 1.9405s to import
[I 2023-08-22 03:07:37.873 ServerApp] Package jupyter_server_ydoc took 6.6117s to import
[I 2023-08-22 03:07:40.487 ServerApp] Package jupyterlab_git took 2.6138s to import
[I 2023-08-22 03:07:40.488 ServerApp] Package nbclassic took 0.0000s to import
[W 2023-08-22 03:07:40.766 ServerApp] A `_jupyter_server_extension_points` function was not found in nbclassic. Instead, a `_jupyter_server_extension_paths` function was found and will be used for now. This function name will be deprecated in future releases of Jupyter Server.
[I 2023-08-22 03:07:40.766 ServerApp] Package nbdime took 0.0000s to import
[I 2023-08-22 03:07:40.767 ServerApp] Package notebook_shim took 0.0000s to import
[W 2023-08-22 03:07:40.767 ServerApp] A `_jupyter_server_extension_points` function was not found in notebook_shim. Instead, a `_jupyter_server_extension_paths` function was found and will be used for now. This function name will be deprecated in future releases of Jupyter Server.
[I 2023-08-22 03:10:00.116 ServerApp] Package panel.io.jupyter_server_extension took 139.3221s to import
[I 2023-08-22 03:10:00.117 ServerApp] dask_labextension | extension was successfully linked.
[I 2023-08-22 03:10:00.117 ServerApp] jupyter_lsp | extension was successfully linked.
[I 2023-08-22 03:10:00.249 ServerApp] jupyter_server_fileid | extension was successfully linked.
[I 2023-08-22 03:10:00.379 ServerApp] jupyter_server_mathjax | extension was successfully linked.
[I 2023-08-22 03:10:00.379 ServerApp] jupyter_server_proxy | extension was successfully linked.
[I 2023-08-22 03:10:00.518 ServerApp] jupyter_server_terminals | extension was successfully linked.
[I 2023-08-22 03:10:00.650 ServerApp] jupyter_server_ydoc | extension was successfully linked.
[I 2023-08-22 03:10:00.780 ServerApp] jupyterlab | extension was successfully linked.
[I 2023-08-22 03:10:00.781 ServerApp] jupyterlab_git | extension was successfully linked.
[I 2023-08-22 03:10:00.904 ServerApp] nbclassic | extension was successfully linked.
[I 2023-08-22 03:10:00.904 ServerApp] nbdime | extension was successfully linked.
[I 2023-08-22 03:10:36.956 ServerApp] notebook_shim | extension was successfully linked.
[I 2023-08-22 03:10:36.957 ServerApp] panel.io.jupyter_server_extension | extension was successfully linked.
[I 2023-08-22 03:10:50.208 ServerApp] notebook_shim | extension was successfully loaded.
[I 2023-08-22 03:10:50.210 ServerApp] dask_labextension | extension was successfully loaded.
[I 2023-08-22 03:10:50.228 ServerApp] jupyter_lsp | extension was successfully loaded.
[I 2023-08-22 03:10:50.229 FileIdExtension] Configured File ID manager: ArbitraryFileIdManager
[I 2023-08-22 03:10:50.229 FileIdExtension] ArbitraryFileIdManager : Configured root dir: /ibex/scratch/medinils/breast_data
[I 2023-08-22 03:10:50.229 FileIdExtension] ArbitraryFileIdManager : Configured database path: /home/medinils/.local/share/jupyter/file_id_manager.db
[I 2023-08-22 03:10:50.263 FileIdExtension] ArbitraryFileIdManager : Successfully connected to database file.
[I 2023-08-22 03:10:50.263 FileIdExtension] ArbitraryFileIdManager : Creating File ID tables and indices with journal_mode = DELETE
[I 2023-08-22 03:10:50.275 FileIdExtension] Attached event listeners.
[I 2023-08-22 03:10:50.275 ServerApp] jupyter_server_fileid | extension was successfully loaded.
[I 2023-08-22 03:10:50.276 ServerApp] jupyter_server_mathjax | extension was successfully loaded.
[I 2023-08-22 03:10:51.535 ServerApp] jupyter_server_proxy | extension was successfully loaded.
[I 2023-08-22 03:10:51.543 ServerApp] jupyter_server_terminals | extension was successfully loaded.
[I 2023-08-22 03:10:51.544 ServerApp] jupyter_server_ydoc | extension was successfully loaded.
[I 2023-08-22 03:10:51.865 LabApp] JupyterLab extension loaded from /ibex/scratch/medinils/breast_data/env/lib/python3.8/site-packages/jupyterlab
[I 2023-08-22 03:10:51.865 LabApp] JupyterLab application directory is /ibex/scratch/medinils/breast_data/env/share/jupyter/lab
[I 2023-08-22 03:10:51.894 ServerApp] jupyterlab | extension was successfully loaded.
[I 2023-08-22 03:10:51.903 ServerApp] jupyterlab_git | extension was successfully loaded.
[I 2023-08-22 03:10:52.684 ServerApp] nbclassic | extension was successfully loaded.
[I 2023-08-22 03:11:00.294 ServerApp] nbdime | extension was successfully loaded.
[I 2023-08-22 03:11:00.295 ServerApp] panel.io.jupyter_server_extension | extension was successfully loaded.
[I 2023-08-22 03:11:00.297 ServerApp] Serving notebooks from local directory: /ibex/scratch/medinils/breast_data
[I 2023-08-22 03:11:00.297 ServerApp] Jupyter Server 2.7.1 is running at:
[I 2023-08-22 03:11:00.297 ServerApp] http://cn506-18-r:12478/lab?token=9ec2ac6a0f8589ce38cd47756971fe359433fb427cfa3839
[I 2023-08-22 03:11:00.297 ServerApp]     http://127.0.0.1:12478/lab?token=9ec2ac6a0f8589ce38cd47756971fe359433fb427cfa3839
[I 2023-08-22 03:11:00.297 ServerApp] Use Control-C to stop this server and shut down all kernels (twice to skip confirmation).
[C 2023-08-22 03:11:00.354 ServerApp] 
    
    To access the server, open this file in a browser:
        file:///home/medinils/.local/share/jupyter/runtime/jpserver-76191-open.html
    Or copy and paste one of these URLs:
        http://cn506-18-r:12478/lab?token=9ec2ac6a0f8589ce38cd47756971fe359433fb427cfa3839
        http://127.0.0.1:12478/lab?token=9ec2ac6a0f8589ce38cd47756971fe359433fb427cfa3839
[I 2023-08-22 03:11:02.118 ServerApp] Skipped non-installed server(s): bash-language-server, dockerfile-language-server-nodejs, javascript-typescript-langserver, jedi-language-server, julia-language-server, pyright, python-lsp-server, r-languageserver, sql-language-server, texlab, typescript-language-server, unified-language-server, vscode-css-languageserver-bin, vscode-html-languageserver-bin, vscode-json-languageserver-bin, yaml-language-server
[W 2023-08-22 03:17:57.658 LabApp] Could not determine jupyterlab build status without nodejs
[I 2023-08-22 03:18:33.767 ServerApp] Kernel started: 14a6d05a-63c6-49d6-b394-d3f117877bdc
[I 2023-08-22 03:19:04.567 ServerApp] Connecting to kernel 14a6d05a-63c6-49d6-b394-d3f117877bdc.
[I 2023-08-22 03:19:05.389 ServerApp] Starting buffering for 14a6d05a-63c6-49d6-b394-d3f117877bdc:13ab17ac-8a87-4151-8e91-c2018af0b5d0
[I 2023-08-22 03:19:05.390 ServerApp] Connecting to kernel 14a6d05a-63c6-49d6-b394-d3f117877bdc.
[I 2023-08-22 03:19:06.352 ServerApp] Connecting to kernel 14a6d05a-63c6-49d6-b394-d3f117877bdc.
[I 2023-08-22 03:20:33.289 ServerApp] Saving file at /notebooks/challenge.ipynb
[I 2023-08-22 03:24:34.451 ServerApp] Saving file at /notebooks/challenge.ipynb
[I 2023-08-22 03:26:36.093 ServerApp] Saving file at /notebooks/challenge.ipynb
[I 2023-08-22 03:28:39.062 ServerApp] Saving file at /notebooks/challenge.ipynb
[I 2023-08-22 03:30:41.289 ServerApp] Saving file at /notebooks/challenge.ipynb
[I 2023-08-22 03:32:44.108 ServerApp] Saving file at /notebooks/challenge.ipynb
2023-08-22 03:34:23,918 UTC - ERROR - pyls_jsonrpc.endpoint - Failed to handle request 30
Traceback (most recent call last):
  File "/ibex/scratch/medinils/breast_data/env/lib/python3.8/site-packages/pyls_jsonrpc/endpoint.py", line 113, in consume
    self._handle_request(message['id'], message['method'], message.get('params'))
  File "/ibex/scratch/medinils/breast_data/env/lib/python3.8/site-packages/pyls_jsonrpc/endpoint.py", line 182, in _handle_request
    handler_result = handler(params)
  File "/ibex/scratch/medinils/breast_data/env/lib/python3.8/site-packages/pyls_jsonrpc/dispatchers.py", line 23, in handler
    return method(**(params or {}))
  File "/ibex/scratch/medinils/breast_data/env/lib/python3.8/site-packages/pyls/python_ls.py", line 328, in m_text_document__document_highlight
    return self.highlight(textDocument['uri'], position)
  File "/ibex/scratch/medinils/breast_data/env/lib/python3.8/site-packages/pyls/python_ls.py", line 262, in highlight
    return flatten(self._hook('pyls_document_highlight', doc_uri, position=position)) or None
  File "/ibex/scratch/medinils/breast_data/env/lib/python3.8/site-packages/pyls/python_ls.py", line 156, in _hook
    return hook_handlers(config=self.config, workspace=workspace, document=doc, **kwargs)
  File "/ibex/scratch/medinils/breast_data/env/lib/python3.8/site-packages/pluggy/_hooks.py", line 433, in __call__
    return self._hookexec(self.name, self._hookimpls, kwargs, firstresult)
  File "/ibex/scratch/medinils/breast_data/env/lib/python3.8/site-packages/pluggy/_manager.py", line 112, in _hookexec
    return self._inner_hookexec(hook_name, methods, kwargs, firstresult)
  File "/ibex/scratch/medinils/breast_data/env/lib/python3.8/site-packages/pluggy/_manager.py", line 418, in traced_hookexec
    return outcome.get_result()
  File "/ibex/scratch/medinils/breast_data/env/lib/python3.8/site-packages/pluggy/_result.py", line 108, in get_result
    raise exc.with_traceback(exc.__traceback__)
  File "/ibex/scratch/medinils/breast_data/env/lib/python3.8/site-packages/pluggy/_result.py", line 70, in from_call
    result = func()
  File "/ibex/scratch/medinils/breast_data/env/lib/python3.8/site-packages/pluggy/_manager.py", line 415, in <lambda>
    lambda: oldcall(hook_name, hook_impls, caller_kwargs, firstresult)
  File "/ibex/scratch/medinils/breast_data/env/lib/python3.8/site-packages/pluggy/_callers.py", line 116, in _multicall
    raise exception.with_traceback(exception.__traceback__)
  File "/ibex/scratch/medinils/breast_data/env/lib/python3.8/site-packages/pluggy/_callers.py", line 80, in _multicall
    res = hook_impl.function(*args)
  File "/ibex/scratch/medinils/breast_data/env/lib/python3.8/site-packages/pyls/plugins/highlight.py", line 11, in pyls_document_highlight
    usages = document.jedi_script().get_references(**code_position)
  File "/ibex/scratch/medinils/breast_data/env/lib/python3.8/site-packages/jedi/api/helpers.py", line 473, in wrapper
    raise ValueError('`line` parameter is not in a valid range.')
ValueError: `line` parameter is not in a valid range.
[W 2023-08-22 03:36:05.391 ServerApp] WebSocket ping timeout after 119635 ms.
[W 2023-08-22 03:36:06.354 ServerApp] WebSocket ping timeout after 119605 ms.
[W 2023-08-22 03:36:07.184 ServerApp] WebSocket ping timeout after 119638 ms.
[I 2023-08-22 03:36:11.355 ServerApp] Starting buffering for 14a6d05a-63c6-49d6-b394-d3f117877bdc:4ef48cf8-31e6-4847-b17b-29b0910f888a
[I 2023-08-22 03:44:46.739 ServerApp] Saving file at /notebooks/challenge.ipynb
[I 2023-08-22 03:44:57.749 ServerApp] Connecting to kernel 14a6d05a-63c6-49d6-b394-d3f117877bdc.
[I 2023-08-22 03:45:08.415 ServerApp] Connecting to kernel 14a6d05a-63c6-49d6-b394-d3f117877bdc.
[I 2023-08-22 03:46:47.903 ServerApp] Saving file at /notebooks/challenge.ipynb
[I 2023-08-22 03:48:49.046 ServerApp] Saving file at /notebooks/challenge.ipynb
[I 2023-08-22 03:50:47.592 ServerApp] Saving file at /notebooks/challenge.ipynb
[I 2023-08-22 03:52:34.846 ServerApp] Saving file at /src/train.py
[I 2023-08-22 03:52:48.725 ServerApp] Saving file at /notebooks/challenge.ipynb
[E 2023-08-22 03:53:28.164 ServerApp] {
      "Host": "127.0.0.1:12478",
      "Accept": "*/*",
      "Referer": "http://127.0.0.1:12478/lab/tree/notebooks/challenge.ipynb",
      "User-Agent": "Mozilla/5.0 (Macintosh; Intel Mac OS X 10_15_7) AppleWebKit/537.36 (KHTML, like Gecko) Chrome/116.0.0.0 Safari/537.36"
    }
[E 2023-08-22 03:53:28.165 ServerApp] 500 POST /git/push?1692665603803 (36649c13caa641c49c00a9ff18f95b9e@10.109.65.8) 3565.61ms referer=http://127.0.0.1:12478/lab/tree/notebooks/challenge.ipynb
[I 2023-08-22 03:53:53.337 ServerApp] Kernel restarted: 14a6d05a-63c6-49d6-b394-d3f117877bdc
[I 2023-08-22 03:53:54.075 ServerApp] Connecting to kernel 14a6d05a-63c6-49d6-b394-d3f117877bdc.
[W 2023-08-22 03:53:58.594 ServerApp] Nudge: attempt 10 on kernel 14a6d05a-63c6-49d6-b394-d3f117877bdc
[W 2023-08-22 03:54:03.610 ServerApp] Nudge: attempt 20 on kernel 14a6d05a-63c6-49d6-b394-d3f117877bdc
[W 2023-08-22 03:54:08.628 ServerApp] Nudge: attempt 30 on kernel 14a6d05a-63c6-49d6-b394-d3f117877bdc
[W 2023-08-22 03:54:13.647 ServerApp] Nudge: attempt 40 on kernel 14a6d05a-63c6-49d6-b394-d3f117877bdc
[W 2023-08-22 03:54:18.661 ServerApp] Nudge: attempt 50 on kernel 14a6d05a-63c6-49d6-b394-d3f117877bdc
[I 2023-08-22 03:54:36.751 ServerApp] Saving file at /src/train.py
[I 2023-08-22 03:54:50.765 ServerApp] Saving file at /notebooks/challenge.ipynb
[I 2023-08-22 03:56:51.845 ServerApp] Saving file at /notebooks/challenge.ipynb
[I 2023-08-22 03:58:53.770 ServerApp] Saving file at /notebooks/challenge.ipynb
[I 2023-08-22 04:00:54.873 ServerApp] Saving file at /notebooks/challenge.ipynb
[I 2023-08-22 04:02:55.952 ServerApp] Saving file at /notebooks/challenge.ipynb
[I 2023-08-22 04:04:12.847 ServerApp] Kernel restarted: 14a6d05a-63c6-49d6-b394-d3f117877bdc
[I 2023-08-22 04:04:13.602 ServerApp] Connecting to kernel 14a6d05a-63c6-49d6-b394-d3f117877bdc.
[W 2023-08-22 04:04:18.129 ServerApp] Nudge: attempt 10 on kernel 14a6d05a-63c6-49d6-b394-d3f117877bdc
[W 2023-08-22 04:04:23.147 ServerApp] Nudge: attempt 20 on kernel 14a6d05a-63c6-49d6-b394-d3f117877bdc
[W 2023-08-22 04:04:28.163 ServerApp] Nudge: attempt 30 on kernel 14a6d05a-63c6-49d6-b394-d3f117877bdc
[W 2023-08-22 04:04:33.179 ServerApp] Nudge: attempt 40 on kernel 14a6d05a-63c6-49d6-b394-d3f117877bdc
[W 2023-08-22 04:04:38.196 ServerApp] Nudge: attempt 50 on kernel 14a6d05a-63c6-49d6-b394-d3f117877bdc
[I 2023-08-22 04:04:57.029 ServerApp] Saving file at /notebooks/challenge.ipynb
[I 2023-08-22 04:05:27.836 ServerApp] AsyncIOLoopKernelRestarter: restarting kernel (1/5), keep random ports
[W 2023-08-22 04:05:27.837 ServerApp] kernel 14a6d05a-63c6-49d6-b394-d3f117877bdc restarted
[W 2023-08-22 04:05:27.837 ServerApp] kernel 14a6d05a-63c6-49d6-b394-d3f117877bdc restarted
[I 2023-08-22 04:05:28.218 ServerApp] Starting buffering for 14a6d05a-63c6-49d6-b394-d3f117877bdc:4ef48cf8-31e6-4847-b17b-29b0910f888a
[I 2023-08-22 04:05:28.630 ServerApp] Connecting to kernel 14a6d05a-63c6-49d6-b394-d3f117877bdc.
[I 2023-08-22 04:05:29.374 ServerApp] Connecting to kernel 14a6d05a-63c6-49d6-b394-d3f117877bdc.
[W 2023-08-22 04:05:33.157 ServerApp] Nudge: attempt 10 on kernel 14a6d05a-63c6-49d6-b394-d3f117877bdc
[W 2023-08-22 04:05:33.888 ServerApp] Nudge: attempt 10 on kernel 14a6d05a-63c6-49d6-b394-d3f117877bdc
[W 2023-08-22 04:05:38.171 ServerApp] Nudge: attempt 20 on kernel 14a6d05a-63c6-49d6-b394-d3f117877bdc
[W 2023-08-22 04:05:38.906 ServerApp] Nudge: attempt 20 on kernel 14a6d05a-63c6-49d6-b394-d3f117877bdc
[W 2023-08-22 04:05:43.188 ServerApp] Nudge: attempt 30 on kernel 14a6d05a-63c6-49d6-b394-d3f117877bdc
[I 2023-08-22 04:05:43.417 ServerApp] Kernel started: ea5b8efe-a921-4168-9354-b5f6525c5f59
[I 2023-08-22 04:05:43.420 ServerApp] Kernel shutdown: 14a6d05a-63c6-49d6-b394-d3f117877bdc
Traceback (most recent call last):
  File "/ibex/scratch/medinils/breast_data/env/lib/python3.8/runpy.py", line 194, in _run_module_as_main
    return _run_code(code, main_globals, None,
  File "/ibex/scratch/medinils/breast_data/env/lib/python3.8/runpy.py", line 87, in _run_code
    exec(code, run_globals)
  File "/ibex/scratch/medinils/breast_data/env/lib/python3.8/site-packages/ipykernel_launcher.py", line 15, in <module>
    from ipykernel import kernelapp as app
  File "/ibex/scratch/medinils/breast_data/env/lib/python3.8/site-packages/ipykernel/kernelapp.py", line 52, in <module>
    from .ipkernel import IPythonKernel
  File "/ibex/scratch/medinils/breast_data/env/lib/python3.8/site-packages/ipykernel/ipkernel.py", line 23, in <module>
    from .debugger import Debugger, _is_debugpy_available
  File "/ibex/scratch/medinils/breast_data/env/lib/python3.8/site-packages/ipykernel/debugger.py", line 23, in <module>
    from debugpy.server import api  # noqa
  File "/ibex/scratch/medinils/breast_data/env/lib/python3.8/site-packages/debugpy/server/__init__.py", line 7, in <module>
    import debugpy._vendored.force_pydevd  # noqa
  File "/ibex/scratch/medinils/breast_data/env/lib/python3.8/site-packages/debugpy/_vendored/force_pydevd.py", line 44, in <module>
    preimport('pydevd', [
  File "/ibex/scratch/medinils/breast_data/env/lib/python3.8/site-packages/debugpy/_vendored/__init__.py", line 126, in preimport
    import_module(name)
  File "/ibex/scratch/medinils/breast_data/env/lib/python3.8/importlib/__init__.py", line 127, in import_module
    return _bootstrap._gcd_import(name[level:], package, level)
  File "/ibex/scratch/medinils/breast_data/env/lib/python3.8/site-packages/debugpy/_vendored/pydevd/pydevd_plugins/__init__.py", line 5, in <module>
    __import__('pkg_resources').declare_namespace(__name__)
  File "/ibex/scratch/medinils/breast_data/env/lib/python3.8/site-packages/pkg_resources/__init__.py", line 3328, in <module>
    def _initialize_master_working_set():
  File "/ibex/scratch/medinils/breast_data/env/lib/python3.8/site-packages/pkg_resources/__init__.py", line 3302, in _call_aside
    f(*args, **kwargs)
  File "/ibex/scratch/medinils/breast_data/env/lib/python3.8/site-packages/pkg_resources/__init__.py", line 3340, in _initialize_master_working_set
    working_set = WorkingSet._build_master()
  File "/ibex/scratch/medinils/breast_data/env/lib/python3.8/site-packages/pkg_resources/__init__.py", line 622, in _build_master
    ws = cls()
  File "/ibex/scratch/medinils/breast_data/env/lib/python3.8/site-packages/pkg_resources/__init__.py", line 615, in __init__
    self.add_entry(entry)
  File "/ibex/scratch/medinils/breast_data/env/lib/python3.8/site-packages/pkg_resources/__init__.py", line 671, in add_entry
    for dist in find_distributions(entry, True):
  File "/ibex/scratch/medinils/breast_data/env/lib/python3.8/site-packages/pkg_resources/__init__.py", line 2134, in find_on_path
    for dist in factory(fullpath):
  File "/ibex/scratch/medinils/breast_data/env/lib/python3.8/site-packages/pkg_resources/__init__.py", line 2191, in distributions_from_metadata
    if os.path.isdir(path):
  File "/ibex/scratch/medinils/breast_data/env/lib/python3.8/genericpath.py", line 42, in isdir
    st = os.stat(s)
KeyboardInterrupt
[I 2023-08-22 04:06:12.710 ServerApp] Connecting to kernel ea5b8efe-a921-4168-9354-b5f6525c5f59.
[I 2023-08-22 04:06:13.465 ServerApp] Connecting to kernel ea5b8efe-a921-4168-9354-b5f6525c5f59.
[I 2023-08-22 04:06:55.397 ServerApp] AsyncIOLoopKernelRestarter: restarting kernel (1/5), keep random ports
[W 2023-08-22 04:06:55.397 ServerApp] kernel ea5b8efe-a921-4168-9354-b5f6525c5f59 restarted
[W 2023-08-22 04:06:55.398 ServerApp] kernel ea5b8efe-a921-4168-9354-b5f6525c5f59 restarted
[I 2023-08-22 04:06:55.775 ServerApp] Starting buffering for ea5b8efe-a921-4168-9354-b5f6525c5f59:4ef48cf8-31e6-4847-b17b-29b0910f888a
[I 2023-08-22 04:06:56.143 ServerApp] Connecting to kernel ea5b8efe-a921-4168-9354-b5f6525c5f59.
[I 2023-08-22 04:06:56.881 ServerApp] Connecting to kernel ea5b8efe-a921-4168-9354-b5f6525c5f59.
[I 2023-08-22 04:06:58.165 ServerApp] Saving file at /notebooks/challenge.ipynb
[W 2023-08-22 04:07:00.721 ServerApp] Nudge: attempt 10 on kernel ea5b8efe-a921-4168-9354-b5f6525c5f59
[W 2023-08-22 04:07:01.409 ServerApp] Nudge: attempt 10 on kernel ea5b8efe-a921-4168-9354-b5f6525c5f59
[W 2023-08-22 04:07:05.735 ServerApp] Nudge: attempt 20 on kernel ea5b8efe-a921-4168-9354-b5f6525c5f59
[W 2023-08-22 04:07:06.424 ServerApp] Nudge: attempt 20 on kernel ea5b8efe-a921-4168-9354-b5f6525c5f59
[W 2023-08-22 04:07:10.748 ServerApp] Nudge: attempt 30 on kernel ea5b8efe-a921-4168-9354-b5f6525c5f59
[W 2023-08-22 04:07:11.436 ServerApp] Nudge: attempt 30 on kernel ea5b8efe-a921-4168-9354-b5f6525c5f59
[W 2023-08-22 04:07:15.765 ServerApp] Nudge: attempt 40 on kernel ea5b8efe-a921-4168-9354-b5f6525c5f59
[W 2023-08-22 04:07:16.451 ServerApp] Nudge: attempt 40 on kernel ea5b8efe-a921-4168-9354-b5f6525c5f59
[W 2023-08-22 04:07:20.785 ServerApp] Nudge: attempt 50 on kernel ea5b8efe-a921-4168-9354-b5f6525c5f59
[W 2023-08-22 04:07:21.464 ServerApp] Nudge: attempt 50 on kernel ea5b8efe-a921-4168-9354-b5f6525c5f59
[I 2023-08-22 04:08:07.434 ServerApp] Connecting to kernel ea5b8efe-a921-4168-9354-b5f6525c5f59.
[I 2023-08-22 04:08:43.450 ServerApp] AsyncIOLoopKernelRestarter: restarting kernel (1/5), keep random ports
[W 2023-08-22 04:08:43.450 ServerApp] kernel ea5b8efe-a921-4168-9354-b5f6525c5f59 restarted
[W 2023-08-22 04:08:43.451 ServerApp] kernel ea5b8efe-a921-4168-9354-b5f6525c5f59 restarted
[I 2023-08-22 04:08:43.902 ServerApp] Starting buffering for ea5b8efe-a921-4168-9354-b5f6525c5f59:d0edd6ef-0c0c-48bf-8395-346336f069a8
[I 2023-08-22 04:08:44.308 ServerApp] Connecting to kernel ea5b8efe-a921-4168-9354-b5f6525c5f59.
[I 2023-08-22 04:08:45.130 ServerApp] Connecting to kernel ea5b8efe-a921-4168-9354-b5f6525c5f59.
Traceback (most recent call last):
  File "/ibex/scratch/medinils/breast_data/env/lib/python3.8/runpy.py", line 194, in _run_module_as_main
    return _run_code(code, main_globals, None,
  File "/ibex/scratch/medinils/breast_data/env/lib/python3.8/runpy.py", line 87, in _run_code
    exec(code, run_globals)
  File "/ibex/scratch/medinils/breast_data/env/lib/python3.8/site-packages/ipykernel_launcher.py", line 15, in <module>
    from ipykernel import kernelapp as app
  File "/ibex/scratch/medinils/breast_data/env/lib/python3.8/site-packages/ipykernel/kernelapp.py", line 19, in <module>
    from IPython.core.application import (  # type:ignore[attr-defined]
  File "/ibex/scratch/medinils/breast_data/env/lib/python3.8/site-packages/IPython/__init__.py", line 53, in <module>
    from .terminal.embed import embed
  File "/ibex/scratch/medinils/breast_data/env/lib/python3.8/site-packages/IPython/terminal/embed.py", line 16, in <module>
    from IPython.terminal.interactiveshell import TerminalInteractiveShell
  File "/ibex/scratch/medinils/breast_data/env/lib/python3.8/site-packages/IPython/terminal/interactiveshell.py", line 48, in <module>
    from .debugger import TerminalPdb, Pdb
  File "/ibex/scratch/medinils/breast_data/env/lib/python3.8/site-packages/IPython/terminal/debugger.py", line 6, in <module>
    from IPython.core.completer import IPCompleter
  File "/ibex/scratch/medinils/breast_data/env/lib/python3.8/site-packages/IPython/core/completer.py", line 250, in <module>
    import jedi
  File "/ibex/scratch/medinils/breast_data/env/lib/python3.8/site-packages/jedi/__init__.py", line 32, in <module>
    from jedi.api import Script, Interpreter, set_debug_function, \
  File "/ibex/scratch/medinils/breast_data/env/lib/python3.8/site-packages/jedi/api/__init__.py", line 24, in <module>
    from jedi.api import classes
  File "/ibex/scratch/medinils/breast_data/env/lib/python3.8/site-packages/jedi/api/classes.py", line 24, in <module>
    from jedi.inference.utils import unite
  File "/ibex/scratch/medinils/breast_data/env/lib/python3.8/site-packages/jedi/inference/__init__.py", line 70, in <module>
    from jedi.inference import imports
  File "/ibex/scratch/medinils/breast_data/env/lib/python3.8/site-packages/jedi/inference/imports.py", line 26, in <module>
    from jedi.inference import compiled
  File "/ibex/scratch/medinils/breast_data/env/lib/python3.8/site-packages/jedi/inference/compiled/__init__.py", line 2, in <module>
    from jedi.inference.compiled.value import CompiledValue, CompiledName, \
  File "/ibex/scratch/medinils/breast_data/env/lib/python3.8/site-packages/jedi/inference/compiled/value.py", line 11, in <module>
    from jedi.inference.filters import AbstractFilter
  File "/ibex/scratch/medinils/breast_data/env/lib/python3.8/site-packages/jedi/inference/filters.py", line 16, in <module>
    from jedi.inference.names import TreeNameDefinition, ParamName, \
  File "/ibex/scratch/medinils/breast_data/env/lib/python3.8/site-packages/jedi/inference/names.py", line 12, in <module>
    from jedi.plugins import plugin_manager
  File "<frozen importlib._bootstrap>", line 991, in _find_and_load
  File "<frozen importlib._bootstrap>", line 975, in _find_and_load_unlocked
  File "<frozen importlib._bootstrap>", line 671, in _load_unlocked
  File "<frozen importlib._bootstrap_external>", line 839, in exec_module
  File "<frozen importlib._bootstrap_external>", line 934, in get_code
  File "<frozen importlib._bootstrap_external>", line 1032, in get_data
KeyboardInterrupt
[I 2023-08-22 04:08:55.519 ServerApp] Kernel restarted: ea5b8efe-a921-4168-9354-b5f6525c5f59
[I 2023-08-22 04:08:56.254 ServerApp] Connecting to kernel ea5b8efe-a921-4168-9354-b5f6525c5f59.
[I 2023-08-22 04:08:59.243 ServerApp] Saving file at /notebooks/challenge.ipynb
Traceback (most recent call last):
  File "/ibex/scratch/medinils/breast_data/env/lib/python3.8/site-packages/pkg_resources/_vendor/jaraco/text/__init__.py", line 7, in <module>
    from importlib.resources import files  # type: ignore
ImportError: cannot import name 'files' from 'importlib.resources' (/ibex/scratch/medinils/breast_data/env/lib/python3.8/importlib/resources.py)

During handling of the above exception, another exception occurred:

Traceback (most recent call last):
  File "/ibex/scratch/medinils/breast_data/env/lib/python3.8/runpy.py", line 194, in _run_module_as_main
    return _run_code(code, main_globals, None,
  File "/ibex/scratch/medinils/breast_data/env/lib/python3.8/runpy.py", line 87, in _run_code
    exec(code, run_globals)
  File "/ibex/scratch/medinils/breast_data/env/lib/python3.8/site-packages/ipykernel_launcher.py", line 15, in <module>
    from ipykernel import kernelapp as app
  File "/ibex/scratch/medinils/breast_data/env/lib/python3.8/site-packages/ipykernel/kernelapp.py", line 52, in <module>
    from .ipkernel import IPythonKernel
  File "/ibex/scratch/medinils/breast_data/env/lib/python3.8/site-packages/ipykernel/ipkernel.py", line 23, in <module>
    from .debugger import Debugger, _is_debugpy_available
  File "/ibex/scratch/medinils/breast_data/env/lib/python3.8/site-packages/ipykernel/debugger.py", line 23, in <module>
    from debugpy.server import api  # noqa
  File "/ibex/scratch/medinils/breast_data/env/lib/python3.8/site-packages/debugpy/server/__init__.py", line 7, in <module>
    import debugpy._vendored.force_pydevd  # noqa
  File "/ibex/scratch/medinils/breast_data/env/lib/python3.8/site-packages/debugpy/_vendored/force_pydevd.py", line 44, in <module>
    preimport('pydevd', [
  File "/ibex/scratch/medinils/breast_data/env/lib/python3.8/site-packages/debugpy/_vendored/__init__.py", line 126, in preimport
    import_module(name)
  File "/ibex/scratch/medinils/breast_data/env/lib/python3.8/importlib/__init__.py", line 127, in import_module
    return _bootstrap._gcd_import(name[level:], package, level)
  File "/ibex/scratch/medinils/breast_data/env/lib/python3.8/site-packages/debugpy/_vendored/pydevd/pydevd_plugins/__init__.py", line 5, in <module>
    __import__('pkg_resources').declare_namespace(__name__)
  File "/ibex/scratch/medinils/breast_data/env/lib/python3.8/site-packages/pkg_resources/__init__.py", line 79, in <module>
    from pkg_resources.extern.jaraco.text import (
  File "/ibex/scratch/medinils/breast_data/env/lib/python3.8/site-packages/pkg_resources/_vendor/jaraco/text/__init__.py", line 9, in <module>
    from pkg_resources.extern.importlib_resources import files  # type: ignore
  File "<frozen importlib._bootstrap>", line 991, in _find_and_load
  File "<frozen importlib._bootstrap>", line 975, in _find_and_load_unlocked
  File "<frozen importlib._bootstrap>", line 657, in _load_unlocked
  File "<frozen importlib._bootstrap>", line 556, in module_from_spec
  File "/ibex/scratch/medinils/breast_data/env/lib/python3.8/site-packages/pkg_resources/extern/__init__.py", line 52, in create_module
    return self.load_module(spec.name)
  File "/ibex/scratch/medinils/breast_data/env/lib/python3.8/site-packages/pkg_resources/extern/__init__.py", line 37, in load_module
    __import__(extant)
  File "/ibex/scratch/medinils/breast_data/env/lib/python3.8/site-packages/pkg_resources/_vendor/importlib_resources/__init__.py", line 3, in <module>
    from ._common import (
  File "<frozen importlib._bootstrap>", line 991, in _find_and_load
  File "<frozen importlib._bootstrap>", line 975, in _find_and_load_unlocked
  File "<frozen importlib._bootstrap>", line 671, in _load_unlocked
  File "<frozen importlib._bootstrap_external>", line 839, in exec_module
  File "<frozen importlib._bootstrap_external>", line 928, in get_code
  File "<frozen importlib._bootstrap_external>", line 1072, in path_stats
  File "<frozen importlib._bootstrap_external>", line 142, in _path_stat
KeyboardInterrupt
[I 2023-08-22 04:09:10.841 ServerApp] Kernel restarted: ea5b8efe-a921-4168-9354-b5f6525c5f59
[I 2023-08-22 04:09:11.584 ServerApp] Connecting to kernel ea5b8efe-a921-4168-9354-b5f6525c5f59.
[I 2023-08-22 04:10:22.830 ServerApp] AsyncIOLoopKernelRestarter: restarting kernel (1/5), keep random ports
[W 2023-08-22 04:10:22.830 ServerApp] kernel ea5b8efe-a921-4168-9354-b5f6525c5f59 restarted
[W 2023-08-22 04:10:22.831 ServerApp] kernel ea5b8efe-a921-4168-9354-b5f6525c5f59 restarted
[I 2023-08-22 04:10:23.199 ServerApp] Starting buffering for ea5b8efe-a921-4168-9354-b5f6525c5f59:d0edd6ef-0c0c-48bf-8395-346336f069a8
[I 2023-08-22 04:10:23.614 ServerApp] Connecting to kernel ea5b8efe-a921-4168-9354-b5f6525c5f59.
[I 2023-08-22 04:10:24.435 ServerApp] Connecting to kernel ea5b8efe-a921-4168-9354-b5f6525c5f59.
[W 2023-08-22 04:10:28.128 ServerApp] Nudge: attempt 10 on kernel ea5b8efe-a921-4168-9354-b5f6525c5f59
[W 2023-08-22 04:10:28.948 ServerApp] Nudge: attempt 10 on kernel ea5b8efe-a921-4168-9354-b5f6525c5f59
[W 2023-08-22 04:10:33.140 ServerApp] Nudge: attempt 20 on kernel ea5b8efe-a921-4168-9354-b5f6525c5f59
[W 2023-08-22 04:10:33.966 ServerApp] Nudge: attempt 20 on kernel ea5b8efe-a921-4168-9354-b5f6525c5f59
[W 2023-08-22 04:10:38.155 ServerApp] Nudge: attempt 30 on kernel ea5b8efe-a921-4168-9354-b5f6525c5f59
[W 2023-08-22 04:10:38.981 ServerApp] Nudge: attempt 30 on kernel ea5b8efe-a921-4168-9354-b5f6525c5f59
[W 2023-08-22 04:10:44.835 ServerApp] Nudge: attempt 40 on kernel ea5b8efe-a921-4168-9354-b5f6525c5f59
[W 2023-08-22 04:10:45.839 ServerApp] Nudge: attempt 40 on kernel ea5b8efe-a921-4168-9354-b5f6525c5f59
[W 2023-08-22 04:10:49.854 ServerApp] Nudge: attempt 50 on kernel ea5b8efe-a921-4168-9354-b5f6525c5f59
[W 2023-08-22 04:10:50.416 LabApp] Could not determine jupyterlab build status without nodejs
[W 2023-08-22 04:10:50.993 ServerApp] Nudge: attempt 50 on kernel ea5b8efe-a921-4168-9354-b5f6525c5f59
[I 2023-08-22 04:10:52.666 ServerApp] Starting buffering for ea5b8efe-a921-4168-9354-b5f6525c5f59:d0edd6ef-0c0c-48bf-8395-346336f069a8
[I 2023-08-22 04:11:04.821 ServerApp] Connecting to kernel ea5b8efe-a921-4168-9354-b5f6525c5f59.
[I 2023-08-22 04:11:04.822 ServerApp] Discarding 451 buffered messages for ea5b8efe-a921-4168-9354-b5f6525c5f59:d0edd6ef-0c0c-48bf-8395-346336f069a8
[I 2023-08-22 04:11:55.879 ServerApp] AsyncIOLoopKernelRestarter: restarting kernel (1/5), keep random ports
[W 2023-08-22 04:11:55.880 ServerApp] kernel ea5b8efe-a921-4168-9354-b5f6525c5f59 restarted
[I 2023-08-22 04:11:56.262 ServerApp] Starting buffering for ea5b8efe-a921-4168-9354-b5f6525c5f59:36669aaa-af19-4e9e-8694-f8dadeff600f
[I 2023-08-22 04:11:56.703 ServerApp] Connecting to kernel ea5b8efe-a921-4168-9354-b5f6525c5f59.
[I 2023-08-22 04:11:56.703 ServerApp] Restoring connection for ea5b8efe-a921-4168-9354-b5f6525c5f59:36669aaa-af19-4e9e-8694-f8dadeff600f
[I 2023-08-22 04:13:03.758 ServerApp] Saving file at /notebooks/challenge.ipynb
[I 2023-08-22 04:14:31.918 ServerApp] AsyncIOLoopKernelRestarter: restarting kernel (1/5), keep random ports
[W 2023-08-22 04:14:31.918 ServerApp] kernel ea5b8efe-a921-4168-9354-b5f6525c5f59 restarted
[I 2023-08-22 04:14:32.283 ServerApp] Starting buffering for ea5b8efe-a921-4168-9354-b5f6525c5f59:36669aaa-af19-4e9e-8694-f8dadeff600f
[I 2023-08-22 04:14:32.667 ServerApp] Connecting to kernel ea5b8efe-a921-4168-9354-b5f6525c5f59.
[I 2023-08-22 04:14:32.667 ServerApp] Restoring connection for ea5b8efe-a921-4168-9354-b5f6525c5f59:36669aaa-af19-4e9e-8694-f8dadeff600f
[I 2023-08-22 04:14:44.084 ServerApp] Saving file at /notebooks/challenge.ipynb
[I 2023-08-22 04:14:46.555 ServerApp] Starting buffering for ea5b8efe-a921-4168-9354-b5f6525c5f59:36669aaa-af19-4e9e-8694-f8dadeff600f
[W 2023-08-22 04:15:11.208 LabApp] Could not determine jupyterlab build status without nodejs
[I 2023-08-22 04:15:37.765 ServerApp] Connecting to kernel ea5b8efe-a921-4168-9354-b5f6525c5f59.
[I 2023-08-22 04:15:37.767 ServerApp] Discarding 20 buffered messages for ea5b8efe-a921-4168-9354-b5f6525c5f59:36669aaa-af19-4e9e-8694-f8dadeff600f
[I 2023-08-22 04:16:34.958 ServerApp] AsyncIOLoopKernelRestarter: restarting kernel (1/5), keep random ports
[W 2023-08-22 04:16:34.958 ServerApp] kernel ea5b8efe-a921-4168-9354-b5f6525c5f59 restarted
[I 2023-08-22 04:16:35.324 ServerApp] Starting buffering for ea5b8efe-a921-4168-9354-b5f6525c5f59:33d81a30-d4ae-4731-a9cb-b64caca4a631
[I 2023-08-22 04:16:35.849 ServerApp] Connecting to kernel ea5b8efe-a921-4168-9354-b5f6525c5f59.
[I 2023-08-22 04:16:35.849 ServerApp] Restoring connection for ea5b8efe-a921-4168-9354-b5f6525c5f59:33d81a30-d4ae-4731-a9cb-b64caca4a631
[I 2023-08-22 04:17:07.614 ServerApp] Starting buffering for ea5b8efe-a921-4168-9354-b5f6525c5f59:33d81a30-d4ae-4731-a9cb-b64caca4a631
[I 2023-08-22 04:17:08.003 ServerApp] Connecting to kernel ea5b8efe-a921-4168-9354-b5f6525c5f59.
[I 2023-08-22 04:17:08.003 ServerApp] Restoring connection for ea5b8efe-a921-4168-9354-b5f6525c5f59:33d81a30-d4ae-4731-a9cb-b64caca4a631
[I 2023-08-22 04:17:22.589 ServerApp] Kernel shutdown: ea5b8efe-a921-4168-9354-b5f6525c5f59
[I 2023-08-22 04:17:26.087 ServerApp] Kernel started: 1a494914-6f09-44bd-b912-c645b8e84261
[I 2023-08-22 04:17:30.956 ServerApp] Saving file at /notebooks/challenge.ipynb
[I 2023-08-22 04:17:56.084 ServerApp] Connecting to kernel 1a494914-6f09-44bd-b912-c645b8e84261.
[I 2023-08-22 04:17:56.822 ServerApp] Starting buffering for 1a494914-6f09-44bd-b912-c645b8e84261:47c6dd48-2a38-4b3e-a1db-8971d159d86b
[I 2023-08-22 04:17:56.825 ServerApp] Connecting to kernel 1a494914-6f09-44bd-b912-c645b8e84261.
[I 2023-08-22 04:17:57.572 ServerApp] Connecting to kernel 1a494914-6f09-44bd-b912-c645b8e84261.
[I 2023-08-22 04:18:47.063 ServerApp] AsyncIOLoopKernelRestarter: restarting kernel (1/5), keep random ports
[W 2023-08-22 04:18:47.063 ServerApp] kernel 1a494914-6f09-44bd-b912-c645b8e84261 restarted
[W 2023-08-22 04:18:47.063 ServerApp] kernel 1a494914-6f09-44bd-b912-c645b8e84261 restarted
[I 2023-08-22 04:18:47.456 ServerApp] Starting buffering for 1a494914-6f09-44bd-b912-c645b8e84261:9dab89c0-86c8-4a6c-bd29-60ce172cc1f3
[I 2023-08-22 04:18:47.825 ServerApp] Connecting to kernel 1a494914-6f09-44bd-b912-c645b8e84261.
[I 2023-08-22 04:18:48.574 ServerApp] Connecting to kernel 1a494914-6f09-44bd-b912-c645b8e84261.
[W 2023-08-22 04:18:52.343 ServerApp] Nudge: attempt 10 on kernel 1a494914-6f09-44bd-b912-c645b8e84261
[W 2023-08-22 04:18:53.090 ServerApp] Nudge: attempt 10 on kernel 1a494914-6f09-44bd-b912-c645b8e84261
[W 2023-08-22 04:18:57.354 ServerApp] Nudge: attempt 20 on kernel 1a494914-6f09-44bd-b912-c645b8e84261
[W 2023-08-22 04:18:58.102 ServerApp] Nudge: attempt 20 on kernel 1a494914-6f09-44bd-b912-c645b8e84261
[W 2023-08-22 04:19:02.365 ServerApp] Nudge: attempt 30 on kernel 1a494914-6f09-44bd-b912-c645b8e84261
[I 2023-08-22 04:19:03.121 ServerApp] Saving file at /src/train.py
[W 2023-08-22 04:19:03.166 ServerApp] Nudge: attempt 30 on kernel 1a494914-6f09-44bd-b912-c645b8e84261
[W 2023-08-22 04:19:07.404 ServerApp] Nudge: attempt 40 on kernel 1a494914-6f09-44bd-b912-c645b8e84261
[W 2023-08-22 04:19:08.189 ServerApp] Nudge: attempt 40 on kernel 1a494914-6f09-44bd-b912-c645b8e84261
[W 2023-08-22 04:19:12.420 ServerApp] Nudge: attempt 50 on kernel 1a494914-6f09-44bd-b912-c645b8e84261
[W 2023-08-22 04:19:13.244 ServerApp] Nudge: attempt 50 on kernel 1a494914-6f09-44bd-b912-c645b8e84261
[I 2023-08-22 04:19:14.994 ServerApp] Saving file at /src/train.py
[I 2023-08-22 04:19:32.027 ServerApp] Saving file at /notebooks/challenge.ipynb
[I 2023-08-22 04:19:44.606 ServerApp] Kernel started: a8f9d3f8-eeac-460b-b95a-3cb22b8c9574
[I 2023-08-22 04:19:44.606 ServerApp] Kernel shutdown: 1a494914-6f09-44bd-b912-c645b8e84261
[XPythonShellApp] WARNING | Unrecognized alias: 'f', it will have no effect.
[I 2023-08-22 04:19:57.109 ServerApp] Connecting to kernel a8f9d3f8-eeac-460b-b95a-3cb22b8c9574.
[I 2023-08-22 04:19:57.855 ServerApp] Connecting to kernel a8f9d3f8-eeac-460b-b95a-3cb22b8c9574.
[I 2023-08-22 04:19:58.655 ServerApp] Connecting to kernel a8f9d3f8-eeac-460b-b95a-3cb22b8c9574.
2023-08-22 04:20:35,064 UTC - ERROR - pyls.plugins.pylint_lint - Error calling pylint: '<string>:1: DeprecationWarning: 'epylint' will be removed in pylint 3.0, use https://github.com/emacsorphanage/pylint instead.
'
Error: signal 11:
/ibex/scratch/medinils/breast_data/env/bin/../lib/libxeus-python.so.0(_ZN4xpyt15sigsegv_handlerEi+0x2b)[0x2abd94bd824b]
/lib64/libc.so.6(+0x36400)[0x2abd9556b400]
/ibex/scratch/medinils/breast_data/env/lib/python3.8/site-packages/torch/lib/libtorch_cpu.so(+0x1b081d5)[0x2abe042481d5]
/ibex/scratch/medinils/breast_data/env/lib/python3.8/site-packages/torch/lib/libtorch_cpu.so(_ZN3c106detail12infer_schema20make_function_schemaEOSsS2_NS_8ArrayRefINS1_11ArgumentDefEEES5_+0x43)[0x2abe04248733]
/ibex/scratch/medinils/breast_data/env/lib/python3.8/site-packages/torch/lib/libtorch_cpu.so(_ZN3c106detail12infer_schema20make_function_schemaENS_8ArrayRefINS1_11ArgumentDefEEES4_+0x6d)[0x2abe04248c0d]
/ibex/scratch/medinils/breast_data/env/lib/python3.8/site-packages/torch_cluster/_version_cpu.so(_ZNO3c1017RegisterOperators2opIFlvEEENSt9enable_ifIXaasrNS_4guts16is_function_typeIT_EE5valuentsrSt7is_sameIS6_FvRKNS_14OperatorHandleEPSt6vectorINS_6IValueESaISD_EEEE5valueEOS0_E4typeERKSsPS6_ONS0_7OptionsE+0x60)[0x2abe649b9610]
/ibex/scratch/medinils/breast_data/env/lib/python3.8/site-packages/torch_cluster/_version_cpu.so(+0x3ce2)[0x2abe649b4ce2]
/lib64/ld-linux-x86-64.so.2(+0xf9c3)[0x2abd94b2b9c3]
/lib64/ld-linux-x86-64.so.2(+0x1459e)[0x2abd94b3059e]
/lib64/ld-linux-x86-64.so.2(+0xf7d4)[0x2abd94b2b7d4]
[I 2023-08-22 04:20:44.575 ServerApp] AsyncIOLoopKernelRestarter: restarting kernel (1/5), keep random ports
[W 2023-08-22 04:20:44.575 ServerApp] kernel a8f9d3f8-eeac-460b-b95a-3cb22b8c9574 restarted
[W 2023-08-22 04:20:44.576 ServerApp] kernel a8f9d3f8-eeac-460b-b95a-3cb22b8c9574 restarted
[W 2023-08-22 04:20:44.576 ServerApp] kernel a8f9d3f8-eeac-460b-b95a-3cb22b8c9574 restarted
[I 2023-08-22 04:20:44.956 ServerApp] Starting buffering for a8f9d3f8-eeac-460b-b95a-3cb22b8c9574:2bcb9ea9-58a1-4421-b59d-d8635ba9ec53
[I 2023-08-22 04:20:45.326 ServerApp] Connecting to kernel a8f9d3f8-eeac-460b-b95a-3cb22b8c9574.
[I 2023-08-22 04:20:46.078 ServerApp] Connecting to kernel a8f9d3f8-eeac-460b-b95a-3cb22b8c9574.
[I 2023-08-22 04:20:46.836 ServerApp] Connecting to kernel a8f9d3f8-eeac-460b-b95a-3cb22b8c9574.
[W 2023-08-22 04:20:49.839 ServerApp] Nudge: attempt 10 on kernel a8f9d3f8-eeac-460b-b95a-3cb22b8c9574
[W 2023-08-22 04:20:50.591 ServerApp] Nudge: attempt 10 on kernel a8f9d3f8-eeac-460b-b95a-3cb22b8c9574
[W 2023-08-22 04:20:51.347 ServerApp] Nudge: attempt 10 on kernel a8f9d3f8-eeac-460b-b95a-3cb22b8c9574
[W 2023-08-22 04:20:54.852 ServerApp] Nudge: attempt 20 on kernel a8f9d3f8-eeac-460b-b95a-3cb22b8c9574
[W 2023-08-22 04:20:55.606 ServerApp] Nudge: attempt 20 on kernel a8f9d3f8-eeac-460b-b95a-3cb22b8c9574
[XPythonShellApp] WARNING | Unrecognized alias: 'f', it will have no effect.
[W 2023-08-22 04:20:56.357 ServerApp] Nudge: attempt 20 on kernel a8f9d3f8-eeac-460b-b95a-3cb22b8c9574
ERROR: received bad message: No such comm registered: 8ccb0f10-384a-499a-821a-43db7cd2d423
Message type: comm_msg
[I 2023-08-22 04:21:33.095 ServerApp] Saving file at /notebooks/challenge.ipynb
srun: Job step aborted: Waiting up to 32 seconds for job step to finish.
slurmstepd: error: *** STEP 27042293.0 ON cn506-18-r CANCELLED AT 2023-08-22T04:22:05 ***
slurmstepd: error: *** JOB 27042293 ON cn506-18-r CANCELLED AT 2023-08-22T04:22:05 ***
