
EnvironmentLocationNotFound: Not a conda environment: /ibex/scratch/medinils/breast_data/bin/env


To connect to the compute node  on Ibex running your Jupyter server, 
you need to create an ssh tunnel from your local machine to login node on Ibex 
using the following command.

ssh -L 12812:cn603-22-l:12812 medinils@ilogin.ibex.kaust.edu.sa 

Next, you need to copy the second url provided below and paste it into the browser 
on your local machine.

[I 2023-08-18 04:37:45.337 ServerApp] Package jupyterlab took 0.0001s to import
[I 2023-08-18 04:37:58.946 ServerApp] Package dask_labextension took 13.6077s to import
[W 2023-08-18 04:37:58.946 ServerApp] A `_jupyter_server_extension_points` function was not found in dask_labextension. Instead, a `_jupyter_server_extension_paths` function was found and will be used for now. This function name will be deprecated in future releases of Jupyter Server.
[I 2023-08-18 04:37:59.999 ServerApp] Package jupyter_lsp took 1.0521s to import
[W 2023-08-18 04:38:00.000 ServerApp] A `_jupyter_server_extension_points` function was not found in jupyter_lsp. Instead, a `_jupyter_server_extension_paths` function was found and will be used for now. This function name will be deprecated in future releases of Jupyter Server.
[I 2023-08-18 04:38:00.107 ServerApp] Package jupyter_server_fileid took 0.1070s to import
[I 2023-08-18 04:38:00.237 ServerApp] Package jupyter_server_mathjax took 0.1283s to import
[I 2023-08-18 04:38:00.238 ServerApp] Package jupyter_server_proxy took 0.0001s to import
[I 2023-08-18 04:38:00.667 ServerApp] Package jupyter_server_terminals took 0.4277s to import
[I 2023-08-18 04:38:03.538 ServerApp] Package jupyter_server_ydoc took 2.8699s to import
[I 2023-08-18 04:38:04.875 ServerApp] Package jupyterlab_git took 1.3357s to import
[I 2023-08-18 04:38:04.875 ServerApp] Package nbclassic took 0.0000s to import
[W 2023-08-18 04:38:04.999 ServerApp] A `_jupyter_server_extension_points` function was not found in nbclassic. Instead, a `_jupyter_server_extension_paths` function was found and will be used for now. This function name will be deprecated in future releases of Jupyter Server.
[I 2023-08-18 04:38:05.000 ServerApp] Package nbdime took 0.0001s to import
[I 2023-08-18 04:38:05.001 ServerApp] Package notebook_shim took 0.0000s to import
[W 2023-08-18 04:38:05.001 ServerApp] A `_jupyter_server_extension_points` function was not found in notebook_shim. Instead, a `_jupyter_server_extension_paths` function was found and will be used for now. This function name will be deprecated in future releases of Jupyter Server.
[I 2023-08-18 04:38:28.978 ServerApp] Package panel.io.jupyter_server_extension took 23.9631s to import
[I 2023-08-18 04:38:28.979 ServerApp] dask_labextension | extension was successfully linked.
[I 2023-08-18 04:38:28.979 ServerApp] jupyter_lsp | extension was successfully linked.
[I 2023-08-18 04:38:29.205 ServerApp] jupyter_server_fileid | extension was successfully linked.
[I 2023-08-18 04:38:29.413 ServerApp] jupyter_server_mathjax | extension was successfully linked.
[I 2023-08-18 04:38:29.413 ServerApp] jupyter_server_proxy | extension was successfully linked.
[I 2023-08-18 04:38:29.604 ServerApp] jupyter_server_terminals | extension was successfully linked.
[I 2023-08-18 04:38:29.810 ServerApp] jupyter_server_ydoc | extension was successfully linked.
[I 2023-08-18 04:38:30.016 ServerApp] jupyterlab | extension was successfully linked.
[I 2023-08-18 04:38:30.016 ServerApp] jupyterlab_git | extension was successfully linked.
[I 2023-08-18 04:38:30.236 ServerApp] nbclassic | extension was successfully linked.
[I 2023-08-18 04:38:30.237 ServerApp] nbdime | extension was successfully linked.
[I 2023-08-18 04:38:41.772 ServerApp] notebook_shim | extension was successfully linked.
[I 2023-08-18 04:38:41.773 ServerApp] panel.io.jupyter_server_extension | extension was successfully linked.
[I 2023-08-18 04:38:46.095 ServerApp] notebook_shim | extension was successfully loaded.
[I 2023-08-18 04:38:46.098 ServerApp] dask_labextension | extension was successfully loaded.
[I 2023-08-18 04:38:46.138 ServerApp] jupyter_lsp | extension was successfully loaded.
[I 2023-08-18 04:38:46.139 FileIdExtension] Configured File ID manager: ArbitraryFileIdManager
[I 2023-08-18 04:38:46.140 FileIdExtension] ArbitraryFileIdManager : Configured root dir: /ibex/scratch/medinils/breast_data/bin
[I 2023-08-18 04:38:46.140 FileIdExtension] ArbitraryFileIdManager : Configured database path: /home/medinils/.local/share/jupyter/file_id_manager.db
[I 2023-08-18 04:38:46.143 FileIdExtension] ArbitraryFileIdManager : Successfully connected to database file.
[I 2023-08-18 04:38:46.143 FileIdExtension] ArbitraryFileIdManager : Creating File ID tables and indices with journal_mode = DELETE
[I 2023-08-18 04:38:46.153 FileIdExtension] Attached event listeners.
[I 2023-08-18 04:38:46.153 ServerApp] jupyter_server_fileid | extension was successfully loaded.
[I 2023-08-18 04:38:46.155 ServerApp] jupyter_server_mathjax | extension was successfully loaded.
[I 2023-08-18 04:38:47.934 ServerApp] jupyter_server_proxy | extension was successfully loaded.
[I 2023-08-18 04:38:47.941 ServerApp] jupyter_server_terminals | extension was successfully loaded.
[I 2023-08-18 04:38:47.943 ServerApp] jupyter_server_ydoc | extension was successfully loaded.
[I 2023-08-18 04:38:48.351 LabApp] JupyterLab extension loaded from /ibex/scratch/medinils/breast_data/env/lib/python3.8/site-packages/jupyterlab
[I 2023-08-18 04:38:48.351 LabApp] JupyterLab application directory is /ibex/scratch/medinils/breast_data/env/share/jupyter/lab
[I 2023-08-18 04:38:48.394 ServerApp] jupyterlab | extension was successfully loaded.
[I 2023-08-18 04:38:48.406 ServerApp] jupyterlab_git | extension was successfully loaded.
[I 2023-08-18 04:38:48.721 ServerApp] nbclassic | extension was successfully loaded.
[I 2023-08-18 04:38:51.531 ServerApp] nbdime | extension was successfully loaded.
[I 2023-08-18 04:38:51.534 ServerApp] panel.io.jupyter_server_extension | extension was successfully loaded.
[I 2023-08-18 04:38:51.536 ServerApp] Serving notebooks from local directory: /ibex/scratch/medinils/breast_data/bin
[I 2023-08-18 04:38:51.537 ServerApp] Jupyter Server 2.7.1 is running at:
[I 2023-08-18 04:38:51.537 ServerApp] http://cn603-22-l:12812/lab?token=89cd5a9b190d765733a1d365e2e763de83fe7ee815997751
[I 2023-08-18 04:38:51.537 ServerApp]     http://127.0.0.1:12812/lab?token=89cd5a9b190d765733a1d365e2e763de83fe7ee815997751
[I 2023-08-18 04:38:51.537 ServerApp] Use Control-C to stop this server and shut down all kernels (twice to skip confirmation).
[C 2023-08-18 04:38:51.564 ServerApp] 
    
    To access the server, open this file in a browser:
        file:///home/medinils/.local/share/jupyter/runtime/jpserver-148974-open.html
    Or copy and paste one of these URLs:
        http://cn603-22-l:12812/lab?token=89cd5a9b190d765733a1d365e2e763de83fe7ee815997751
        http://127.0.0.1:12812/lab?token=89cd5a9b190d765733a1d365e2e763de83fe7ee815997751
[I 2023-08-18 04:38:54.106 ServerApp] Skipped non-installed server(s): bash-language-server, dockerfile-language-server-nodejs, javascript-typescript-langserver, jedi-language-server, julia-language-server, pyright, python-lsp-server, r-languageserver, sql-language-server, texlab, typescript-language-server, unified-language-server, vscode-css-languageserver-bin, vscode-html-languageserver-bin, vscode-json-languageserver-bin, yaml-language-server
srun: Job step aborted: Waiting up to 32 seconds for job step to finish.
slurmstepd: error: *** STEP 26992748.0 ON cn603-22-l CANCELLED AT 2023-08-18T04:42:53 ***
slurmstepd: error: *** JOB 26992748 ON cn603-22-l CANCELLED AT 2023-08-18T04:42:53 ***
