
EnvironmentLocationNotFound: Not a conda environment: /ibex/scratch/medinils/breast_data/bin/env


To connect to the compute node  on Ibex running your Jupyter server, 
you need to create an ssh tunnel from your local machine to login node on Ibex 
using the following command.

ssh -L 12811:cn605-21-l:12811 medinils@ilogin.ibex.kaust.edu.sa 

Next, you need to copy the second url provided below and paste it into the browser 
on your local machine.

[I 2023-08-18 04:30:29.101 ServerApp] Package jupyterlab took 0.0001s to import
[I 2023-08-18 04:30:57.647 ServerApp] Package dask_labextension took 28.5439s to import
[W 2023-08-18 04:30:57.647 ServerApp] A `_jupyter_server_extension_points` function was not found in dask_labextension. Instead, a `_jupyter_server_extension_paths` function was found and will be used for now. This function name will be deprecated in future releases of Jupyter Server.
[I 2023-08-18 04:30:59.686 ServerApp] Package jupyter_lsp took 2.0381s to import
[W 2023-08-18 04:30:59.686 ServerApp] A `_jupyter_server_extension_points` function was not found in jupyter_lsp. Instead, a `_jupyter_server_extension_paths` function was found and will be used for now. This function name will be deprecated in future releases of Jupyter Server.
[I 2023-08-18 04:30:59.871 ServerApp] Package jupyter_server_fileid took 0.1839s to import
[I 2023-08-18 04:31:00.047 ServerApp] Package jupyter_server_mathjax took 0.1745s to import
[I 2023-08-18 04:31:00.048 ServerApp] Package jupyter_server_proxy took 0.0001s to import
[I 2023-08-18 04:31:00.854 ServerApp] Package jupyter_server_terminals took 0.8046s to import
[I 2023-08-18 04:31:04.629 ServerApp] Package jupyter_server_ydoc took 3.7739s to import
[I 2023-08-18 04:31:07.731 ServerApp] Package jupyterlab_git took 3.1009s to import
[I 2023-08-18 04:31:07.732 ServerApp] Package nbclassic took 0.0000s to import
[W 2023-08-18 04:31:07.981 ServerApp] A `_jupyter_server_extension_points` function was not found in nbclassic. Instead, a `_jupyter_server_extension_paths` function was found and will be used for now. This function name will be deprecated in future releases of Jupyter Server.
[I 2023-08-18 04:31:07.982 ServerApp] Package nbdime took 0.0001s to import
[I 2023-08-18 04:31:07.983 ServerApp] Package notebook_shim took 0.0000s to import
[W 2023-08-18 04:31:07.983 ServerApp] A `_jupyter_server_extension_points` function was not found in notebook_shim. Instead, a `_jupyter_server_extension_paths` function was found and will be used for now. This function name will be deprecated in future releases of Jupyter Server.
[I 2023-08-18 04:32:00.301 ServerApp] Package panel.io.jupyter_server_extension took 52.2888s to import
[I 2023-08-18 04:32:00.303 ServerApp] dask_labextension | extension was successfully linked.
[I 2023-08-18 04:32:00.305 ServerApp] jupyter_lsp | extension was successfully linked.
[I 2023-08-18 04:32:00.533 ServerApp] jupyter_server_fileid | extension was successfully linked.
[I 2023-08-18 04:32:00.749 ServerApp] jupyter_server_mathjax | extension was successfully linked.
[I 2023-08-18 04:32:00.750 ServerApp] jupyter_server_proxy | extension was successfully linked.
[I 2023-08-18 04:32:00.954 ServerApp] jupyter_server_terminals | extension was successfully linked.
[I 2023-08-18 04:32:01.167 ServerApp] jupyter_server_ydoc | extension was successfully linked.
[I 2023-08-18 04:32:01.372 ServerApp] jupyterlab | extension was successfully linked.
[I 2023-08-18 04:32:01.372 ServerApp] jupyterlab_git | extension was successfully linked.
[I 2023-08-18 04:32:01.592 ServerApp] nbclassic | extension was successfully linked.
[I 2023-08-18 04:32:01.592 ServerApp] nbdime | extension was successfully linked.
[I 2023-08-18 04:32:21.733 ServerApp] notebook_shim | extension was successfully linked.
[I 2023-08-18 04:32:21.733 ServerApp] panel.io.jupyter_server_extension | extension was successfully linked.
[I 2023-08-18 04:32:28.850 ServerApp] notebook_shim | extension was successfully loaded.
[I 2023-08-18 04:32:28.853 ServerApp] dask_labextension | extension was successfully loaded.
[I 2023-08-18 04:32:28.895 ServerApp] jupyter_lsp | extension was successfully loaded.
[I 2023-08-18 04:32:28.895 FileIdExtension] Configured File ID manager: ArbitraryFileIdManager
[I 2023-08-18 04:32:28.896 FileIdExtension] ArbitraryFileIdManager : Configured root dir: /ibex/scratch/medinils/breast_data/bin
[I 2023-08-18 04:32:28.896 FileIdExtension] ArbitraryFileIdManager : Configured database path: /home/medinils/.local/share/jupyter/file_id_manager.db
[I 2023-08-18 04:32:28.953 FileIdExtension] ArbitraryFileIdManager : Successfully connected to database file.
[I 2023-08-18 04:32:28.953 FileIdExtension] ArbitraryFileIdManager : Creating File ID tables and indices with journal_mode = DELETE
[I 2023-08-18 04:32:28.971 FileIdExtension] Attached event listeners.
[I 2023-08-18 04:32:28.972 ServerApp] jupyter_server_fileid | extension was successfully loaded.
[I 2023-08-18 04:32:28.973 ServerApp] jupyter_server_mathjax | extension was successfully loaded.
[I 2023-08-18 04:32:30.691 ServerApp] jupyter_server_proxy | extension was successfully loaded.
[I 2023-08-18 04:32:30.698 ServerApp] jupyter_server_terminals | extension was successfully loaded.
[I 2023-08-18 04:32:30.700 ServerApp] jupyter_server_ydoc | extension was successfully loaded.
[I 2023-08-18 04:32:31.128 LabApp] JupyterLab extension loaded from /ibex/scratch/medinils/breast_data/env/lib/python3.8/site-packages/jupyterlab
[I 2023-08-18 04:32:31.128 LabApp] JupyterLab application directory is /ibex/scratch/medinils/breast_data/env/share/jupyter/lab
[I 2023-08-18 04:32:31.167 ServerApp] jupyterlab | extension was successfully loaded.
[I 2023-08-18 04:32:31.179 ServerApp] jupyterlab_git | extension was successfully loaded.
[I 2023-08-18 04:32:31.570 ServerApp] nbclassic | extension was successfully loaded.
[I 2023-08-18 04:32:36.109 ServerApp] nbdime | extension was successfully loaded.
[I 2023-08-18 04:32:36.112 ServerApp] panel.io.jupyter_server_extension | extension was successfully loaded.
[I 2023-08-18 04:32:36.115 ServerApp] Serving notebooks from local directory: /ibex/scratch/medinils/breast_data/bin
[I 2023-08-18 04:32:36.115 ServerApp] Jupyter Server 2.7.1 is running at:
[I 2023-08-18 04:32:36.115 ServerApp] http://cn605-21-l:12811/lab?token=6464a21aa023209ee84c4233b056338ca29559d6b94a8372
[I 2023-08-18 04:32:36.115 ServerApp]     http://127.0.0.1:12811/lab?token=6464a21aa023209ee84c4233b056338ca29559d6b94a8372
[I 2023-08-18 04:32:36.115 ServerApp] Use Control-C to stop this server and shut down all kernels (twice to skip confirmation).
[C 2023-08-18 04:32:36.216 ServerApp] 
    
    To access the server, open this file in a browser:
        file:///home/medinils/.local/share/jupyter/runtime/jpserver-148485-open.html
    Or copy and paste one of these URLs:
        http://cn605-21-l:12811/lab?token=6464a21aa023209ee84c4233b056338ca29559d6b94a8372
        http://127.0.0.1:12811/lab?token=6464a21aa023209ee84c4233b056338ca29559d6b94a8372
[I 2023-08-18 04:32:38.804 ServerApp] Skipped non-installed server(s): bash-language-server, dockerfile-language-server-nodejs, javascript-typescript-langserver, jedi-language-server, julia-language-server, pyright, python-lsp-server, r-languageserver, sql-language-server, texlab, typescript-language-server, unified-language-server, vscode-css-languageserver-bin, vscode-html-languageserver-bin, vscode-json-languageserver-bin, yaml-language-server
[W 2023-08-18 04:34:39.251 LabApp] Could not determine jupyterlab build status without nodejs
2023-08-18 04:36:36,651 - ServerApp - ERROR - Uncaught exception GET /lab/api/settings/@jupyterlab/shortcuts-extension:shortcuts?1692322587999 (10.109.65.8)
HTTPServerRequest(protocol='http', host='127.0.0.1:12811', method='GET', uri='/lab/api/settings/@jupyterlab/shortcuts-extension:shortcuts?1692322587999', version='HTTP/1.1', remote_ip='10.109.65.8')
Traceback (most recent call last):
  File "/ibex/scratch/medinils/breast_data/env/lib/python3.8/site-packages/tornado/web.py", line 1786, in _execute
    result = await result
tornado.iostream.StreamClosedError: Stream is closed
srun: Job step aborted: Waiting up to 32 seconds for job step to finish.
slurmstepd: error: *** STEP 26992745.0 ON cn605-21-l CANCELLED AT 2023-08-18T04:42:53 ***
slurmstepd: error: *** JOB 26992745 ON cn605-21-l CANCELLED AT 2023-08-18T04:42:53 ***
